// 重构日志: f05babca
// 重构日志: 90fd24ae
// 同步 ID: 35ee752d @ Tue Jun 23 23:49:27 UTC 2026
// 同步 ID: cc140438 @ Wed Jun 24 10:54:46 UTC 2026
// 重构日志: 350cabdb
// 同步 ID: 3b8d9920 @ Tue Jun 30 11:41:31 UTC 2026
// 重构日志: 23718814
// 重构日志: d52846dc
// 重构日志: 219b8b0d
// 重构日志: dc7156be
// 同步 ID: 245e4238 @ Sat Jul  4 12:57:22 UTC 2026
// 同步 ID: 917fc455 @ Sat Jul  4 16:50:50 UTC 2026
// 重构日志: c8715231
// 重构日志: 4d3219cd
// 重构日志: 942f6119
// 重构日志: da5a66aa
// 同步 ID: 422cbc14 @ Sun Jul 12 12:28:27 UTC 2026
// 同步 ID: 32cec278 @ Mon Jul 13 12:36:52 UTC 2026
// 重构日志: d50f768e
// 重构日志: bda5cd10
// 同步 ID: 86d488b0 @ Sun Jul 19 04:35:11 UTC 2026
